Analysis & Synthesis report for tank_top_level
Mon Dec 03 22:44:36 2018
Quartus Prime Version 18.1.0 Build 625 09/12/2018 SJ Lite Edition


---------------------
; Table of Contents ;
---------------------
  1. Legal Notice
  2. Analysis & Synthesis Summary
  3. Analysis & Synthesis Settings
  4. Parallel Compilation
  5. Analysis & Synthesis Source Files Read
  6. Analysis & Synthesis Resource Usage Summary
  7. Analysis & Synthesis Resource Utilization by Entity
  8. User-Specified and Inferred Latches
  9. Logic Cells Representing Combinational Loops
 10. Registers Removed During Synthesis
 11. General Register Statistics
 12. Multiplexer Restructuring Statistics (Restructuring Performed)
 13. Parameter Settings for User Entity Instance: tank:tank_A
 14. Parameter Settings for User Entity Instance: tank:tank_B
 15. Parameter Settings for User Entity Instance: bullet:bullet_A
 16. Parameter Settings for User Entity Instance: bullet:bullet_B
 17. Port Connectivity Checks: "game_logic:logic_component"
 18. Post-Synthesis Netlist Statistics for Top Partition
 19. Elapsed Time Per Partition
 20. Analysis & Synthesis Messages



----------------
; Legal Notice ;
----------------
Copyright (C) 2018  Intel Corporation. All rights reserved.
Your use of Intel Corporation's design tools, logic functions 
and other software and tools, and its AMPP partner logic 
functions, and any output files from any of the foregoing 
(including device programming or simulation files), and any 
associated documentation or information are expressly subject 
to the terms and conditions of the Intel Program License 
Subscription Agreement, the Intel Quartus Prime License Agreement,
the Intel FPGA IP License Agreement, or other applicable license
agreement, including, without limitation, that your use is for
the sole purpose of programming logic devices manufactured by
Intel and sold by Intel or its authorized distributors.  Please
refer to the applicable agreement for further details.



+----------------------------------------------------------------------------------+
; Analysis & Synthesis Summary                                                     ;
+------------------------------------+---------------------------------------------+
; Analysis & Synthesis Status        ; Successful - Mon Dec 03 22:44:36 2018       ;
; Quartus Prime Version              ; 18.1.0 Build 625 09/12/2018 SJ Lite Edition ;
; Revision Name                      ; tank_top_level                              ;
; Top-level Entity Name              ; tank_top_level                              ;
; Family                             ; Cyclone IV E                                ;
; Total logic elements               ; 119                                         ;
;     Total combinational functions  ; 108                                         ;
;     Dedicated logic registers      ; 36                                          ;
; Total registers                    ; 36                                          ;
; Total pins                         ; 32                                          ;
; Total virtual pins                 ; 0                                           ;
; Total memory bits                  ; 0                                           ;
; Embedded Multiplier 9-bit elements ; 0                                           ;
; Total PLLs                         ; 0                                           ;
+------------------------------------+---------------------------------------------+


+------------------------------------------------------------------------------------------------------------+
; Analysis & Synthesis Settings                                                                              ;
+------------------------------------------------------------------+--------------------+--------------------+
; Option                                                           ; Setting            ; Default Value      ;
+------------------------------------------------------------------+--------------------+--------------------+
; Device                                                           ; EP4CE115F29C7      ;                    ;
; Top-level entity name                                            ; tank_top_level     ; tank_top_level     ;
; Family name                                                      ; Cyclone IV E       ; Cyclone V          ;
; Use smart compilation                                            ; Off                ; Off                ;
; Enable parallel Assembler and Timing Analyzer during compilation ; On                 ; On                 ;
; Enable compact report table                                      ; Off                ; Off                ;
; Restructure Multiplexers                                         ; Auto               ; Auto               ;
; Create Debugging Nodes for IP Cores                              ; Off                ; Off                ;
; Preserve fewer node names                                        ; On                 ; On                 ;
; Intel FPGA IP Evaluation Mode                                    ; Enable             ; Enable             ;
; Verilog Version                                                  ; Verilog_2001       ; Verilog_2001       ;
; VHDL Version                                                     ; VHDL_1993          ; VHDL_1993          ;
; State Machine Processing                                         ; Auto               ; Auto               ;
; Safe State Machine                                               ; Off                ; Off                ;
; Extract Verilog State Machines                                   ; On                 ; On                 ;
; Extract VHDL State Machines                                      ; On                 ; On                 ;
; Ignore Verilog initial constructs                                ; Off                ; Off                ;
; Iteration limit for constant Verilog loops                       ; 5000               ; 5000               ;
; Iteration limit for non-constant Verilog loops                   ; 250                ; 250                ;
; Add Pass-Through Logic to Inferred RAMs                          ; On                 ; On                 ;
; Infer RAMs from Raw Logic                                        ; On                 ; On                 ;
; Parallel Synthesis                                               ; On                 ; On                 ;
; DSP Block Balancing                                              ; Auto               ; Auto               ;
; NOT Gate Push-Back                                               ; On                 ; On                 ;
; Power-Up Don't Care                                              ; On                 ; On                 ;
; Remove Redundant Logic Cells                                     ; Off                ; Off                ;
; Remove Duplicate Registers                                       ; On                 ; On                 ;
; Ignore CARRY Buffers                                             ; Off                ; Off                ;
; Ignore CASCADE Buffers                                           ; Off                ; Off                ;
; Ignore GLOBAL Buffers                                            ; Off                ; Off                ;
; Ignore ROW GLOBAL Buffers                                        ; Off                ; Off                ;
; Ignore LCELL Buffers                                             ; Off                ; Off                ;
; Ignore SOFT Buffers                                              ; On                 ; On                 ;
; Limit AHDL Integers to 32 Bits                                   ; Off                ; Off                ;
; Optimization Technique                                           ; Balanced           ; Balanced           ;
; Carry Chain Length                                               ; 70                 ; 70                 ;
; Auto Carry Chains                                                ; On                 ; On                 ;
; Auto Open-Drain Pins                                             ; On                 ; On                 ;
; Perform WYSIWYG Primitive Resynthesis                            ; Off                ; Off                ;
; Auto ROM Replacement                                             ; On                 ; On                 ;
; Auto RAM Replacement                                             ; On                 ; On                 ;
; Auto DSP Block Replacement                                       ; On                 ; On                 ;
; Auto Shift Register Replacement                                  ; Auto               ; Auto               ;
; Allow Shift Register Merging across Hierarchies                  ; Auto               ; Auto               ;
; Auto Clock Enable Replacement                                    ; On                 ; On                 ;
; Strict RAM Replacement                                           ; Off                ; Off                ;
; Allow Synchronous Control Signals                                ; On                 ; On                 ;
; Force Use of Synchronous Clear Signals                           ; Off                ; Off                ;
; Auto RAM Block Balancing                                         ; On                 ; On                 ;
; Auto RAM to Logic Cell Conversion                                ; Off                ; Off                ;
; Auto Resource Sharing                                            ; Off                ; Off                ;
; Allow Any RAM Size For Recognition                               ; Off                ; Off                ;
; Allow Any ROM Size For Recognition                               ; Off                ; Off                ;
; Allow Any Shift Register Size For Recognition                    ; Off                ; Off                ;
; Use LogicLock Constraints during Resource Balancing              ; On                 ; On                 ;
; Ignore translate_off and synthesis_off directives                ; Off                ; Off                ;
; Timing-Driven Synthesis                                          ; On                 ; On                 ;
; Report Parameter Settings                                        ; On                 ; On                 ;
; Report Source Assignments                                        ; On                 ; On                 ;
; Report Connectivity Checks                                       ; On                 ; On                 ;
; Ignore Maximum Fan-Out Assignments                               ; Off                ; Off                ;
; Synchronization Register Chain Length                            ; 2                  ; 2                  ;
; Power Optimization During Synthesis                              ; Normal compilation ; Normal compilation ;
; HDL message level                                                ; Level2             ; Level2             ;
; Suppress Register Optimization Related Messages                  ; Off                ; Off                ;
; Number of Removed Registers Reported in Synthesis Report         ; 5000               ; 5000               ;
; Number of Swept Nodes Reported in Synthesis Report               ; 5000               ; 5000               ;
; Number of Inverted Registers Reported in Synthesis Report        ; 100                ; 100                ;
; Clock MUX Protection                                             ; On                 ; On                 ;
; Auto Gated Clock Conversion                                      ; Off                ; Off                ;
; Block Design Naming                                              ; Auto               ; Auto               ;
; SDC constraint protection                                        ; Off                ; Off                ;
; Synthesis Effort                                                 ; Auto               ; Auto               ;
; Shift Register Replacement - Allow Asynchronous Clear Signal     ; On                 ; On                 ;
; Pre-Mapping Resynthesis Optimization                             ; Off                ; Off                ;
; Analysis & Synthesis Message Level                               ; Medium             ; Medium             ;
; Disable Register Merging Across Hierarchies                      ; Auto               ; Auto               ;
; Resource Aware Inference For Block RAM                           ; On                 ; On                 ;
+------------------------------------------------------------------+--------------------+--------------------+


+------------------------------------------+
; Parallel Compilation                     ;
+----------------------------+-------------+
; Processors                 ; Number      ;
+----------------------------+-------------+
; Number detected on machine ; 4           ;
; Maximum allowed            ; 2           ;
;                            ;             ;
; Average used               ; 1.00        ;
; Maximum used               ; 2           ;
;                            ;             ;
; Usage by Processor         ; % Time Used ;
;     Processor 1            ; 100.0%      ;
;     Processor 2            ;   0.0%      ;
+----------------------------+-------------+


+-----------------------------------------------------------------------------------------------------------------------------------------------+
; Analysis & Synthesis Source Files Read                                                                                                        ;
+----------------------------------+-----------------+-----------------+--------------------------------------------------------------+---------+
; File Name with User-Entered Path ; Used in Netlist ; File Type       ; File Name with Absolute Path                                 ; Library ;
+----------------------------------+-----------------+-----------------+--------------------------------------------------------------+---------+
; VGA_top_level.vhd                ; yes             ; User VHDL File  ; C:/intelFPGA_lite/18.1/Final_Project/git/VGA_top_level.vhd   ;         ;
; vga_sync.vhd                     ; yes             ; User VHDL File  ; C:/intelFPGA_lite/18.1/Final_Project/git/vga_sync.vhd        ;         ;
; tank_top_level.vhd               ; yes             ; User VHDL File  ; C:/intelFPGA_lite/18.1/Final_Project/git/tank_top_level.vhd  ;         ;
; tank_functions.vhd               ; yes             ; User VHDL File  ; C:/intelFPGA_lite/18.1/Final_Project/git/tank_functions.vhd  ;         ;
; tank_const.vhd                   ; yes             ; User VHDL File  ; C:/intelFPGA_lite/18.1/Final_Project/git/tank_const.vhd      ;         ;
; tank.vhd                         ; yes             ; User VHDL File  ; C:/intelFPGA_lite/18.1/Final_Project/git/tank.vhd            ;         ;
; pixelGenerator.vhd               ; yes             ; User VHDL File  ; C:/intelFPGA_lite/18.1/Final_Project/git/pixelGenerator.vhd  ;         ;
; game_logic.vhd                   ; yes             ; User VHDL File  ; C:/intelFPGA_lite/18.1/Final_Project/git/game_logic.vhd      ;         ;
; game_components.vhd              ; yes             ; User VHDL File  ; C:/intelFPGA_lite/18.1/Final_Project/git/game_components.vhd ;         ;
; bullet.vhd                       ; yes             ; User VHDL File  ; C:/intelFPGA_lite/18.1/Final_Project/git/bullet.vhd          ;         ;
+----------------------------------+-----------------+-----------------+--------------------------------------------------------------+---------+


+--------------------------------------------------------------------------------------------------------------+
; Analysis & Synthesis Resource Usage Summary                                                                  ;
+---------------------------------------------+----------------------------------------------------------------+
; Resource                                    ; Usage                                                          ;
+---------------------------------------------+----------------------------------------------------------------+
; Estimated Total logic elements              ; 119                                                            ;
;                                             ;                                                                ;
; Total combinational functions               ; 108                                                            ;
; Logic element usage by number of LUT inputs ;                                                                ;
;     -- 4 input functions                    ; 39                                                             ;
;     -- 3 input functions                    ; 35                                                             ;
;     -- <=2 input functions                  ; 34                                                             ;
;                                             ;                                                                ;
; Logic elements by mode                      ;                                                                ;
;     -- normal mode                          ; 60                                                             ;
;     -- arithmetic mode                      ; 48                                                             ;
;                                             ;                                                                ;
; Total registers                             ; 36                                                             ;
;     -- Dedicated logic registers            ; 36                                                             ;
;     -- I/O registers                        ; 0                                                              ;
;                                             ;                                                                ;
; I/O pins                                    ; 32                                                             ;
;                                             ;                                                                ;
; Embedded Multiplier 9-bit elements          ; 0                                                              ;
;                                             ;                                                                ;
; Maximum fan-out node                        ; VGA_top_level:VGA_component|VGA_SYNC:videoSync|pixel_clock_int ;
; Maximum fan-out                             ; 37                                                             ;
; Total fan-out                               ; 452                                                            ;
; Average fan-out                             ; 2.17                                                           ;
+---------------------------------------------+----------------------------------------------------------------+


+-------------------------------------------------------------------------------------------------------------------------------------------------------------------------------------------------------------------------------------------------------------------+
; Analysis & Synthesis Resource Utilization by Entity                                                                                                                                                                                                               ;
+----------------------------------+---------------------+---------------------------+-------------+--------------+---------+-----------+------+--------------+---------------------------------------------------------------------+----------------+--------------+
; Compilation Hierarchy Node       ; Combinational ALUTs ; Dedicated Logic Registers ; Memory Bits ; DSP Elements ; DSP 9x9 ; DSP 18x18 ; Pins ; Virtual Pins ; Full Hierarchy Name                                                 ; Entity Name    ; Library Name ;
+----------------------------------+---------------------+---------------------------+-------------+--------------+---------+-----------+------+--------------+---------------------------------------------------------------------+----------------+--------------+
; |tank_top_level                  ; 108 (46)            ; 36 (0)                    ; 0           ; 0            ; 0       ; 0         ; 32   ; 0            ; |tank_top_level                                                     ; tank_top_level ; work         ;
;    |VGA_top_level:VGA_component| ; 62 (0)              ; 36 (0)                    ; 0           ; 0            ; 0       ; 0         ; 0    ; 0            ; |tank_top_level|VGA_top_level:VGA_component                         ; VGA_top_level  ; work         ;
;       |VGA_SYNC:videoSync|       ; 59 (59)             ; 36 (36)                   ; 0           ; 0            ; 0       ; 0         ; 0    ; 0            ; |tank_top_level|VGA_top_level:VGA_component|VGA_SYNC:videoSync      ; VGA_SYNC       ; work         ;
;       |pixelGenerator:videoGen|  ; 3 (3)               ; 0 (0)                     ; 0           ; 0            ; 0       ; 0         ; 0    ; 0            ; |tank_top_level|VGA_top_level:VGA_component|pixelGenerator:videoGen ; pixelGenerator ; work         ;
+----------------------------------+---------------------+---------------------------+-------------+--------------+---------+-----------+------+--------------+---------------------------------------------------------------------+----------------+--------------+
Note: For table entries with two numbers listed, the numbers in parentheses indicate the number of resources of the given type used by the specific entity alone. The numbers listed outside of parentheses indicate the total resources of the given type used by the specific entity and all of its sub-entities in the hierarchy.


+---------------------------------------------------------------------------------------------------+
; User-Specified and Inferred Latches                                                               ;
+----------------------------------------------------+---------------------+------------------------+
; Latch Name                                         ; Latch Enable Signal ; Free of Timing Hazards ;
+----------------------------------------------------+---------------------+------------------------+
; clock_divided                                      ; counter[31]         ; yes                    ;
; Number of user-specified and inferred latches = 1  ;                     ;                        ;
+----------------------------------------------------+---------------------+------------------------+
Note: All latches listed above may not be present at the end of synthesis due to various synthesis optimizations.


+-------------------------------------------------------------+
; Logic Cells Representing Combinational Loops                ;
+--------------------------------------------------------+----+
; Logic Cell Name                                        ;    ;
+--------------------------------------------------------+----+
; counter[31]~0                                          ;    ;
; Add1~0                                                 ;    ;
; counter[17]~1                                          ;    ;
; counter[16]~2                                          ;    ;
; counter[15]~3                                          ;    ;
; counter[14]~4                                          ;    ;
; counter[12]~5                                          ;    ;
; counter[7]~6                                           ;    ;
; counter[4]~7                                           ;    ;
; counter[30]~8                                          ;    ;
; counter[29]~9                                          ;    ;
; counter[28]~10                                         ;    ;
; counter[27]~11                                         ;    ;
; counter[26]~12                                         ;    ;
; counter[25]~13                                         ;    ;
; counter[24]~14                                         ;    ;
; counter[23]~15                                         ;    ;
; counter[22]~16                                         ;    ;
; counter[21]~17                                         ;    ;
; counter[20]~18                                         ;    ;
; counter[19]~19                                         ;    ;
; counter[18]~20                                         ;    ;
; counter[13]~21                                         ;    ;
; counter[11]~22                                         ;    ;
; counter[10]~23                                         ;    ;
; counter[9]~24                                          ;    ;
; counter[8]~25                                          ;    ;
; counter[6]~26                                          ;    ;
; counter[5]~27                                          ;    ;
; counter[3]~28                                          ;    ;
; counter[2]~29                                          ;    ;
; counter[1]~30                                          ;    ;
; counter[0]~31                                          ;    ;
; Number of logic cells representing combinational loops ; 33 ;
+--------------------------------------------------------+----+
Note: All cells listed above may not be present at the end of synthesis due to various synthesis optimizations.


+------------------------------------------------------------------------------------------------------+
; Registers Removed During Synthesis                                                                   ;
+-------------------------------------------------------------+----------------------------------------+
; Register name                                               ; Reason for Removal                     ;
+-------------------------------------------------------------+----------------------------------------+
; game_logic:logic_component|tank_B_display                   ; Stuck at VCC due to stuck port data_in ;
; VGA_top_level:VGA_component|VGA_SYNC:videoSync|pixel_row[9] ; Stuck at GND due to stuck port data_in ;
; Total Number of Removed Registers = 2                       ;                                        ;
+-------------------------------------------------------------+----------------------------------------+


+------------------------------------------------------+
; General Register Statistics                          ;
+----------------------------------------------+-------+
; Statistic                                    ; Value ;
+----------------------------------------------+-------+
; Total registers                              ; 36    ;
; Number of registers using Synchronous Clear  ; 0     ;
; Number of registers using Synchronous Load   ; 0     ;
; Number of registers using Asynchronous Clear ; 0     ;
; Number of registers using Asynchronous Load  ; 0     ;
; Number of registers using Clock Enable       ; 11    ;
; Number of registers using Preset             ; 0     ;
+----------------------------------------------+-------+


+-----------------------------------------------------------------------------------------------------------------------------------------------------------------------------------------+
; Multiplexer Restructuring Statistics (Restructuring Performed)                                                                                                                          ;
+--------------------+-----------+---------------+----------------------+------------------------+------------+---------------------------------------------------------------------------+
; Multiplexer Inputs ; Bus Width ; Baseline Area ; Area if Restructured ; Saving if Restructured ; Registered ; Example Multiplexer Output                                                ;
+--------------------+-----------+---------------+----------------------+------------------------+------------+---------------------------------------------------------------------------+
; 3:1                ; 10 bits   ; 20 LEs        ; 10 LEs               ; 10 LEs                 ; Yes        ; |tank_top_level|VGA_top_level:VGA_component|VGA_SYNC:videoSync|v_count[8] ;
+--------------------+-----------+---------------+----------------------+------------------------+------------+---------------------------------------------------------------------------+


+----------------------------------------------------------+
; Parameter Settings for User Entity Instance: tank:tank_A ;
+----------------+-------+---------------------------------+
; Parameter Name ; Value ; Type                            ;
+----------------+-------+---------------------------------+
; pos_x_init     ; 320   ; Signed Integer                  ;
; pos_y_init     ; 609   ; Signed Integer                  ;
+----------------+-------+---------------------------------+
Note: In order to hide this table in the UI and the text report file, please set the "Show Parameter Settings in Synthesis Report" option in "Analysis and Synthesis Settings -> More Settings" to "Off".


+----------------------------------------------------------+
; Parameter Settings for User Entity Instance: tank:tank_B ;
+----------------+-------+---------------------------------+
; Parameter Name ; Value ; Type                            ;
+----------------+-------+---------------------------------+
; pos_x_init     ; 320   ; Signed Integer                  ;
; pos_y_init     ; 30    ; Signed Integer                  ;
+----------------+-------+---------------------------------+
Note: In order to hide this table in the UI and the text report file, please set the "Show Parameter Settings in Synthesis Report" option in "Analysis and Synthesis Settings -> More Settings" to "Off".


+--------------------------------------------------------------+
; Parameter Settings for User Entity Instance: bullet:bullet_A ;
+----------------+-------+-------------------------------------+
; Parameter Name ; Value ; Type                                ;
+----------------+-------+-------------------------------------+
; default_pos_x  ; 320   ; Signed Integer                      ;
; default_pos_y  ; 609   ; Signed Integer                      ;
+----------------+-------+-------------------------------------+
Note: In order to hide this table in the UI and the text report file, please set the "Show Parameter Settings in Synthesis Report" option in "Analysis and Synthesis Settings -> More Settings" to "Off".


+--------------------------------------------------------------+
; Parameter Settings for User Entity Instance: bullet:bullet_B ;
+----------------+-------+-------------------------------------+
; Parameter Name ; Value ; Type                                ;
+----------------+-------+-------------------------------------+
; default_pos_x  ; 320   ; Signed Integer                      ;
; default_pos_y  ; 30    ; Signed Integer                      ;
+----------------+-------+-------------------------------------+
Note: In order to hide this table in the UI and the text report file, please set the "Show Parameter Settings in Synthesis Report" option in "Analysis and Synthesis Settings -> More Settings" to "Off".


+-----------------------------------------------------------------------------------------------------------------------+
; Port Connectivity Checks: "game_logic:logic_component"                                                                ;
+-------------+--------+----------+-------------------------------------------------------------------------------------+
; Port        ; Type   ; Severity ; Details                                                                             ;
+-------------+--------+----------+-------------------------------------------------------------------------------------+
; score_a_out ; Output ; Info     ; Connected to dangling logic. Logic that only feeds a dangling port will be removed. ;
; score_b_out ; Output ; Info     ; Connected to dangling logic. Logic that only feeds a dangling port will be removed. ;
+-------------+--------+----------+-------------------------------------------------------------------------------------+


+-----------------------------------------------------+
; Post-Synthesis Netlist Statistics for Top Partition ;
+-----------------------+-----------------------------+
; Type                  ; Count                       ;
+-----------------------+-----------------------------+
; boundary_port         ; 32                          ;
; cycloneiii_ff         ; 36                          ;
;     ENA               ; 11                          ;
;     plain             ; 25                          ;
; cycloneiii_lcell_comb ; 109                         ;
;     arith             ; 48                          ;
;         2 data inputs ; 18                          ;
;         3 data inputs ; 30                          ;
;     normal            ; 61                          ;
;         0 data inputs ; 1                           ;
;         1 data inputs ; 4                           ;
;         2 data inputs ; 12                          ;
;         3 data inputs ; 5                           ;
;         4 data inputs ; 39                          ;
;                       ;                             ;
; Max LUT depth         ; 6.00                        ;
; Average LUT depth     ; 3.47                        ;
+-----------------------+-----------------------------+


+-------------------------------+
; Elapsed Time Per Partition    ;
+----------------+--------------+
; Partition Name ; Elapsed Time ;
+----------------+--------------+
; Top            ; 00:00:01     ;
+----------------+--------------+


+-------------------------------+
; Analysis & Synthesis Messages ;
+-------------------------------+
Info: *******************************************************************
Info: Running Quartus Prime Analysis & Synthesis
    Info: Version 18.1.0 Build 625 09/12/2018 SJ Lite Edition
    Info: Processing started: Mon Dec 03 22:44:14 2018
Info: Command: quartus_map --read_settings_files=on --write_settings_files=off tank_top_level -c tank_top_level
Warning (18236): Number of processors has not been specified which may cause overloading on shared machines.  Set the global assignment NUM_PARALLEL_PROCESSORS in your QSF to an appropriate value for best performance.
Info (20030): Parallel compilation is enabled and will use 2 of the 2 processors detected
Info (12021): Found 2 design units, including 1 entities, in source file vga_top_level.vhd
    Info (12022): Found design unit 1: VGA_top_level-structural File: C:/intelFPGA_lite/18.1/Final_Project/git/VGA_top_level.vhd Line: 31
    Info (12023): Found entity 1: VGA_top_level File: C:/intelFPGA_lite/18.1/Final_Project/git/VGA_top_level.vhd Line: 9
Info (12021): Found 2 design units, including 1 entities, in source file vga_sync.vhd
    Info (12022): Found design unit 1: VGA_SYNC-behavioral File: C:/intelFPGA_lite/18.1/Final_Project/git/vga_sync.vhd Line: 16
    Info (12023): Found entity 1: VGA_SYNC File: C:/intelFPGA_lite/18.1/Final_Project/git/vga_sync.vhd Line: 7
Info (12021): Found 2 design units, including 1 entities, in source file tank_top_level.vhd
    Info (12022): Found design unit 1: tank_top_level-structural File: C:/intelFPGA_lite/18.1/Final_Project/git/tank_top_level.vhd Line: 31
    Info (12023): Found entity 1: tank_top_level File: C:/intelFPGA_lite/18.1/Final_Project/git/tank_top_level.vhd Line: 8
Info (12021): Found 2 design units, including 0 entities, in source file tank_functions.vhd
    Info (12022): Found design unit 1: tank_functions File: C:/intelFPGA_lite/18.1/Final_Project/git/tank_functions.vhd Line: 7
    Info (12022): Found design unit 2: tank_functions-body File: C:/intelFPGA_lite/18.1/Final_Project/git/tank_functions.vhd Line: 21
Info (12021): Found 1 design units, including 0 entities, in source file tank_const.vhd
    Info (12022): Found design unit 1: tank_const File: C:/intelFPGA_lite/18.1/Final_Project/git/tank_const.vhd Line: 4
Info (12021): Found 2 design units, including 1 entities, in source file tank.vhd
    Info (12022): Found design unit 1: tank-behavioral File: C:/intelFPGA_lite/18.1/Final_Project/git/tank.vhd Line: 27
    Info (12023): Found entity 1: tank File: C:/intelFPGA_lite/18.1/Final_Project/git/tank.vhd Line: 8
Info (12021): Found 2 design units, including 1 entities, in source file pixelgenerator.vhd
    Info (12022): Found design unit 1: pixelGenerator-behavioral File: C:/intelFPGA_lite/18.1/Final_Project/git/pixelGenerator.vhd Line: 27
    Info (12023): Found entity 1: pixelGenerator File: C:/intelFPGA_lite/18.1/Final_Project/git/pixelGenerator.vhd Line: 8
Info (12021): Found 2 design units, including 1 entities, in source file game_logic.vhd
    Info (12022): Found design unit 1: game_logic-behavioral File: C:/intelFPGA_lite/18.1/Final_Project/git/game_logic.vhd Line: 44
    Info (12023): Found entity 1: game_logic File: C:/intelFPGA_lite/18.1/Final_Project/git/game_logic.vhd Line: 8
Info (12021): Found 2 design units, including 0 entities, in source file game_components.vhd
    Info (12022): Found design unit 1: game_components File: C:/intelFPGA_lite/18.1/Final_Project/git/game_components.vhd Line: 4
    Info (12022): Found design unit 2: game_components-body File: C:/intelFPGA_lite/18.1/Final_Project/git/game_components.vhd Line: 119
Info (12021): Found 2 design units, including 1 entities, in source file bullet.vhd
    Info (12022): Found design unit 1: bullet-behavioral File: C:/intelFPGA_lite/18.1/Final_Project/git/bullet.vhd Line: 25
    Info (12023): Found entity 1: bullet File: C:/intelFPGA_lite/18.1/Final_Project/git/bullet.vhd Line: 7
Info (12127): Elaborating entity "tank_top_level" for the top level hierarchy
Warning (10036): Verilog HDL or VHDL warning at tank_top_level.vhd(40): object "score_A_signal" assigned a value but never read File: C:/intelFPGA_lite/18.1/Final_Project/git/tank_top_level.vhd Line: 40
Warning (10541): VHDL Signal Declaration warning at tank_top_level.vhd(45): used implicit default value for signal "player_B_speed" because signal was never assigned a value or an explicit default value. Use of implicit default value may introduce unintended design optimizations. File: C:/intelFPGA_lite/18.1/Final_Project/git/tank_top_level.vhd Line: 45
Warning (10541): VHDL Signal Declaration warning at tank_top_level.vhd(45): used implicit default value for signal "player_B_fire" because signal was never assigned a value or an explicit default value. Use of implicit default value may introduce unintended design optimizations. File: C:/intelFPGA_lite/18.1/Final_Project/git/tank_top_level.vhd Line: 45
Warning (10036): Verilog HDL or VHDL warning at tank_top_level.vhd(46): object "score_B_signal" assigned a value but never read File: C:/intelFPGA_lite/18.1/Final_Project/git/tank_top_level.vhd Line: 46
Warning (10492): VHDL Process Statement warning at tank_top_level.vhd(74): signal "cycle" is read inside the Process Statement but isn't in the Process Statement's sensitivity list File: C:/intelFPGA_lite/18.1/Final_Project/git/tank_top_level.vhd Line: 74
Warning (10492): VHDL Process Statement warning at tank_top_level.vhd(78): signal "cycle" is read inside the Process Statement but isn't in the Process Statement's sensitivity list File: C:/intelFPGA_lite/18.1/Final_Project/git/tank_top_level.vhd Line: 78
Warning (10492): VHDL Process Statement warning at tank_top_level.vhd(88): signal "counter" is read inside the Process Statement but isn't in the Process Statement's sensitivity list File: C:/intelFPGA_lite/18.1/Final_Project/git/tank_top_level.vhd Line: 88
Warning (10492): VHDL Process Statement warning at tank_top_level.vhd(89): signal "clock_divided" is read inside the Process Statement but isn't in the Process Statement's sensitivity list File: C:/intelFPGA_lite/18.1/Final_Project/git/tank_top_level.vhd Line: 89
Warning (10492): VHDL Process Statement warning at tank_top_level.vhd(92): signal "counter" is read inside the Process Statement but isn't in the Process Statement's sensitivity list File: C:/intelFPGA_lite/18.1/Final_Project/git/tank_top_level.vhd Line: 92
Warning (10631): VHDL Process Statement warning at tank_top_level.vhd(86): inferring latch(es) for signal or variable "clock_divided", which holds its previous value in one or more paths through the process File: C:/intelFPGA_lite/18.1/Final_Project/git/tank_top_level.vhd Line: 86
Info (10041): Inferred latch for "clock_divided" at tank_top_level.vhd(86) File: C:/intelFPGA_lite/18.1/Final_Project/git/tank_top_level.vhd Line: 86
Info (12128): Elaborating entity "VGA_top_level" for hierarchy "VGA_top_level:VGA_component" File: C:/intelFPGA_lite/18.1/Final_Project/git/tank_top_level.vhd Line: 96
Info (12128): Elaborating entity "pixelGenerator" for hierarchy "VGA_top_level:VGA_component|pixelGenerator:videoGen" File: C:/intelFPGA_lite/18.1/Final_Project/git/VGA_top_level.vhd Line: 83
Warning (10492): VHDL Process Statement warning at pixelGenerator.vhd(64): signal "tank_A_pos" is read inside the Process Statement but isn't in the Process Statement's sensitivity list File: C:/intelFPGA_lite/18.1/Final_Project/git/pixelGenerator.vhd Line: 64
Warning (10492): VHDL Process Statement warning at pixelGenerator.vhd(66): signal "tank_A_pos" is read inside the Process Statement but isn't in the Process Statement's sensitivity list File: C:/intelFPGA_lite/18.1/Final_Project/git/pixelGenerator.vhd Line: 66
Warning (10492): VHDL Process Statement warning at pixelGenerator.vhd(68): signal "tank_A_display_2bit" is read inside the Process Statement but isn't in the Process Statement's sensitivity list File: C:/intelFPGA_lite/18.1/Final_Project/git/pixelGenerator.vhd Line: 68
Warning (10492): VHDL Process Statement warning at pixelGenerator.vhd(74): signal "tank_B_pos" is read inside the Process Statement but isn't in the Process Statement's sensitivity list File: C:/intelFPGA_lite/18.1/Final_Project/git/pixelGenerator.vhd Line: 74
Warning (10492): VHDL Process Statement warning at pixelGenerator.vhd(76): signal "tank_B_pos" is read inside the Process Statement but isn't in the Process Statement's sensitivity list File: C:/intelFPGA_lite/18.1/Final_Project/git/pixelGenerator.vhd Line: 76
Warning (10492): VHDL Process Statement warning at pixelGenerator.vhd(78): signal "tank_B_display_2bit" is read inside the Process Statement but isn't in the Process Statement's sensitivity list File: C:/intelFPGA_lite/18.1/Final_Project/git/pixelGenerator.vhd Line: 78
Info (10008): Verilog HDL or VHDL information: EDA Netlist Writer cannot regroup multidimensional array "color_ram" into its bus
Info (12128): Elaborating entity "VGA_SYNC" for hierarchy "VGA_top_level:VGA_component|VGA_SYNC:videoSync" File: C:/intelFPGA_lite/18.1/Final_Project/git/VGA_top_level.vhd Line: 110
Info (12128): Elaborating entity "game_logic" for hierarchy "game_logic:logic_component" File: C:/intelFPGA_lite/18.1/Final_Project/git/tank_top_level.vhd Line: 118
Warning (10540): VHDL Signal Declaration warning at game_logic.vhd(58): used explicit default value for signal "score_A" because signal was never assigned a value File: C:/intelFPGA_lite/18.1/Final_Project/git/game_logic.vhd Line: 58
Warning (10540): VHDL Signal Declaration warning at game_logic.vhd(58): used explicit default value for signal "score_B" because signal was never assigned a value File: C:/intelFPGA_lite/18.1/Final_Project/git/game_logic.vhd Line: 58
Info (12128): Elaborating entity "tank" for hierarchy "tank:tank_A" File: C:/intelFPGA_lite/18.1/Final_Project/git/tank_top_level.vhd Line: 155
Info (12128): Elaborating entity "tank" for hierarchy "tank:tank_B" File: C:/intelFPGA_lite/18.1/Final_Project/git/tank_top_level.vhd Line: 170
Info (12128): Elaborating entity "bullet" for hierarchy "bullet:bullet_A" File: C:/intelFPGA_lite/18.1/Final_Project/git/tank_top_level.vhd Line: 185
Info (12128): Elaborating entity "bullet" for hierarchy "bullet:bullet_B" File: C:/intelFPGA_lite/18.1/Final_Project/git/tank_top_level.vhd Line: 200
Warning (13024): Output pins are stuck at VCC or GND
    Warning (13410): Pin "VGA_RED[0]" is stuck at GND File: C:/intelFPGA_lite/18.1/Final_Project/git/tank_top_level.vhd Line: 24
    Warning (13410): Pin "VGA_RED[1]" is stuck at GND File: C:/intelFPGA_lite/18.1/Final_Project/git/tank_top_level.vhd Line: 24
    Warning (13410): Pin "VGA_RED[2]" is stuck at GND File: C:/intelFPGA_lite/18.1/Final_Project/git/tank_top_level.vhd Line: 24
    Warning (13410): Pin "VGA_RED[3]" is stuck at GND File: C:/intelFPGA_lite/18.1/Final_Project/git/tank_top_level.vhd Line: 24
    Warning (13410): Pin "VGA_RED[4]" is stuck at GND File: C:/intelFPGA_lite/18.1/Final_Project/git/tank_top_level.vhd Line: 24
    Warning (13410): Pin "VGA_RED[5]" is stuck at GND File: C:/intelFPGA_lite/18.1/Final_Project/git/tank_top_level.vhd Line: 24
    Warning (13410): Pin "VGA_RED[6]" is stuck at GND File: C:/intelFPGA_lite/18.1/Final_Project/git/tank_top_level.vhd Line: 24
    Warning (13410): Pin "VGA_RED[7]" is stuck at GND File: C:/intelFPGA_lite/18.1/Final_Project/git/tank_top_level.vhd Line: 24
    Warning (13410): Pin "VGA_GREEN[0]" is stuck at GND File: C:/intelFPGA_lite/18.1/Final_Project/git/tank_top_level.vhd Line: 24
    Warning (13410): Pin "VGA_GREEN[1]" is stuck at GND File: C:/intelFPGA_lite/18.1/Final_Project/git/tank_top_level.vhd Line: 24
    Warning (13410): Pin "VGA_GREEN[2]" is stuck at GND File: C:/intelFPGA_lite/18.1/Final_Project/git/tank_top_level.vhd Line: 24
    Warning (13410): Pin "VGA_GREEN[3]" is stuck at GND File: C:/intelFPGA_lite/18.1/Final_Project/git/tank_top_level.vhd Line: 24
    Warning (13410): Pin "VGA_GREEN[4]" is stuck at GND File: C:/intelFPGA_lite/18.1/Final_Project/git/tank_top_level.vhd Line: 24
    Warning (13410): Pin "VGA_GREEN[5]" is stuck at GND File: C:/intelFPGA_lite/18.1/Final_Project/git/tank_top_level.vhd Line: 24
    Warning (13410): Pin "VGA_GREEN[6]" is stuck at GND File: C:/intelFPGA_lite/18.1/Final_Project/git/tank_top_level.vhd Line: 24
    Warning (13410): Pin "VGA_GREEN[7]" is stuck at GND File: C:/intelFPGA_lite/18.1/Final_Project/git/tank_top_level.vhd Line: 24
Info (286030): Timing-Driven Synthesis is running
Info (16010): Generating hard_block partition "hard_block:auto_generated_inst"
    Info (16011): Adding 0 node(s), including 0 DDIO, 0 PLL, 0 transceiver and 0 LCELL
Warning (21074): Design contains 4 input pin(s) that do not drive logic
    Warning (15610): No output dependent on input pin "clk" File: C:/intelFPGA_lite/18.1/Final_Project/git/tank_top_level.vhd Line: 11
    Warning (15610): No output dependent on input pin "reset_n" File: C:/intelFPGA_lite/18.1/Final_Project/git/tank_top_level.vhd Line: 11
    Warning (15610): No output dependent on input pin "player_speed" File: C:/intelFPGA_lite/18.1/Final_Project/git/tank_top_level.vhd Line: 27
    Warning (15610): No output dependent on input pin "player_fire" File: C:/intelFPGA_lite/18.1/Final_Project/git/tank_top_level.vhd Line: 27
Info (21057): Implemented 152 device resources after synthesis - the final resource count might be different
    Info (21058): Implemented 4 input pins
    Info (21059): Implemented 28 output pins
    Info (21061): Implemented 120 logic cells
Info: Quartus Prime Analysis & Synthesis was successful. 0 errors, 41 warnings
    Info: Peak virtual memory: 671 megabytes
    Info: Processing ended: Mon Dec 03 22:44:36 2018
    Info: Elapsed time: 00:00:22
    Info: Total CPU time (on all processors): 00:00:46


